<?xml version="1.0" encoding="utf-8"?><testsuites name="pytest tests"><testsuite name="pytest" errors="0" failures="0" skipped="0" tests="13" time="3.888" timestamp="2026-05-26T16:42:34.419594+00:00" hostname="agent-env-51d7b595-920f-4947-a722-163164f5c7c6"><testcase classname="backend.tests.test_multisite.TestSiteConfigs" name="test_list_contains_all_expected" time="0.519" /><testcase classname="backend.tests.test_multisite.TestSiteConfigs" name="test_no_blaze_keyword_in_clone_brands" time="0.122" /><testcase classname="backend.tests.test_multisite.TestSiteConfigs" name="test_update_prefix_persist" time="0.350" /><testcase classname="backend.tests.test_multisite.TestSiteConfigs" name="test_duplicate_prefix_rejected" time="0.228" /><testcase classname="backend.tests.test_multisite.TestIntegrations" name="test_list_has_both_services" time="0.103" /><testcase classname="backend.tests.test_multisite.TestIntegrations" name="test_update_ayolinx_then_clear" time="0.343" /><testcase classname="backend.tests.test_multisite.TestIntegrations" name="test_update_digiflazz_then_clear" time="0.214" /><testcase classname="backend.tests.test_multisite.TestOrderPrefix" name="test_order_id_prefix_for_site[pixelvault-PXV]" time="0.226" /><testcase classname="backend.tests.test_multisite.TestOrderPrefix" name="test_order_id_prefix_for_site[neonforge-NEO]" time="0.115" /><testcase classname="backend.tests.test_multisite.TestOrderPrefix" name="test_order_id_prefix_for_site[elitecharge-ELC]" time="0.108" /><testcase classname="backend.tests.test_multisite.TestOrderPrefix" name="test_order_id_prefix_for_site[raidstation-RDS]" time="0.107" /><testcase classname="backend.tests.test_multisite.TestOrderPrefix" name="test_order_id_no_header_defaults_BLZ" time="0.356" /><testcase classname="backend.tests.test_multisite.TestBillerRefresh" name="test_biller_products_does_not_crash" time="1.046" /></testsuite></testsuites>