<?xml version="1.0" encoding="utf-8"?><testsuites name="pytest tests"><testsuite name="pytest" errors="0" failures="0" skipped="0" tests="11" time="26.834" timestamp="2026-05-28T04:26:24.289616+00:00" hostname="agent-env-51d7b595-920f-4947-a722-163164f5c7c6"><testcase classname="backend.tests.test_iter5_features.TestAyolinxPEMPersistence" name="test_put_pem_and_get_masked" time="23.897" /><testcase classname="backend.tests.test_iter5_features.TestAyolinxPEMPersistence" name="test_empty_put_reverts_to_env" time="0.553" /><testcase classname="backend.tests.test_iter5_features.TestDigiflazzMode" name="test_put_mode_production_persists" time="0.436" /><testcase classname="backend.tests.test_iter5_features.TestConnectionWithPEM" name="test_ayolinx_refresh_consumes_db_pem" time="1.501" /><testcase classname="backend.tests.test_iter5_features.TestCloneNewWithLogo" name="test_clone_new_generates_svg_logo_and_patches_theme" time="0.208" /><testcase classname="backend.tests.test_iter5_features.TestQuantumdropPreserved" name="test_logo_file_exists" time="0.000" /><testcase classname="backend.tests.test_iter5_features.TestQuantumdropPreserved" name="test_site_configs_includes_quantumdrop" time="0.108" /><testcase classname="backend.tests.test_iter5_features.TestExistingSitesLogos" name="test_logo_present[neonforge]" time="0.003" /><testcase classname="backend.tests.test_iter5_features.TestExistingSitesLogos" name="test_logo_present[pixelvault]" time="0.001" /><testcase classname="backend.tests.test_iter5_features.TestExistingSitesLogos" name="test_logo_present[elitecharge]" time="0.001" /><testcase classname="backend.tests.test_iter5_features.TestExistingSitesLogos" name="test_logo_present[raidstation]" time="0.001" /></testsuite></testsuites>