<?xml version="1.0" encoding="utf-8"?><testsuites name="pytest tests"><testsuite name="pytest" errors="0" failures="0" skipped="1" tests="10" time="4.835" timestamp="2026-05-26T16:42:18.246405+00:00" hostname="agent-env-51d7b595-920f-4947-a722-163164f5c7c6"><testcase classname="backend.tests.test_new_features.TestIntegrationTestConnection" name="test_ayolinx_returns_ok_field" time="1.587" /><testcase classname="backend.tests.test_new_features.TestIntegrationTestConnection" name="test_digiflazz_returns_ok_field" time="1.098"><skipped type="pytest.skip" message="digiflazz returned ok=True but no deposit info (development/dummy mode)">/app/backend/tests/test_new_features.py:135: digiflazz returned ok=True but no deposit info (development/dummy mode)</skipped></testcase><testcase classname="backend.tests.test_new_features.TestIntegrationTestConnection" name="test_unknown_service_returns_400" time="0.111" /><testcase classname="backend.tests.test_new_features.TestIntegrationTestConnection" name="test_test_connection_requires_admin" time="0.132" /><testcase classname="backend.tests.test_new_features.TestCloneNewSite" name="test_happy_path_creates_files_folder_and_db_row" time="0.362" /><testcase classname="backend.tests.test_new_features.TestCloneNewSite" name="test_missing_fields_returns_400" time="0.117" /><testcase classname="backend.tests.test_new_features.TestCloneNewSite" name="test_duplicate_site_id_returns_409" time="0.106" /><testcase classname="backend.tests.test_new_features.TestCloneNewSite" name="test_duplicate_prefix_returns_409" time="0.129" /><testcase classname="backend.tests.test_new_features.TestCloneNewSite" name="test_invalid_order_prefix_length_returns_400" time="0.126" /><testcase classname="backend.tests.test_new_features.TestSiteConfigsRegression" name="test_six_default_sites_present" time="0.940" /></testsuite></testsuites>