<?xml version="1.0" encoding="utf-8"?><testsuites name="pytest tests"><testsuite name="pytest" errors="0" failures="0" skipped="1" tests="23" time="14.140" timestamp="2026-05-28T04:26:55.521616+00:00" hostname="agent-env-51d7b595-920f-4947-a722-163164f5c7c6"><testcase classname="backend.tests.test_multisite.TestSiteConfigs" name="test_list_contains_all_expected" time="7.687" /><testcase classname="backend.tests.test_multisite.TestSiteConfigs" name="test_no_blaze_keyword_in_clone_brands" time="0.128" /><testcase classname="backend.tests.test_multisite.TestSiteConfigs" name="test_update_prefix_persist" time="0.325" /><testcase classname="backend.tests.test_multisite.TestSiteConfigs" name="test_duplicate_prefix_rejected" time="0.222" /><testcase classname="backend.tests.test_multisite.TestIntegrations" name="test_list_has_both_services" time="0.108" /><testcase classname="backend.tests.test_multisite.TestIntegrations" name="test_update_ayolinx_then_clear" time="0.212" /><testcase classname="backend.tests.test_multisite.TestIntegrations" name="test_update_digiflazz_then_clear" time="0.208" /><testcase classname="backend.tests.test_multisite.TestOrderPrefix" name="test_order_id_prefix_for_site[pixelvault-PXV]" time="0.215" /><testcase classname="backend.tests.test_multisite.TestOrderPrefix" name="test_order_id_prefix_for_site[neonforge-NEO]" time="0.104" /><testcase classname="backend.tests.test_multisite.TestOrderPrefix" name="test_order_id_prefix_for_site[elitecharge-ELC]" time="0.098" /><testcase classname="backend.tests.test_multisite.TestOrderPrefix" name="test_order_id_prefix_for_site[raidstation-RDS]" time="0.103" /><testcase classname="backend.tests.test_multisite.TestOrderPrefix" name="test_order_id_no_header_defaults_BLZ" time="0.099" /><testcase classname="backend.tests.test_multisite.TestBillerRefresh" name="test_biller_products_does_not_crash" time="1.040" /><testcase classname="backend.tests.test_new_features.TestIntegrationTestConnection" name="test_ayolinx_returns_ok_field" time="1.355" /><testcase classname="backend.tests.test_new_features.TestIntegrationTestConnection" name="test_digiflazz_returns_ok_field" time="1.016"><skipped type="pytest.skip" message="digiflazz returned ok=True but no deposit info (development/dummy mode)">/app/backend/tests/test_new_features.py:135: digiflazz returned ok=True but no deposit info (development/dummy mode)</skipped></testcase><testcase classname="backend.tests.test_new_features.TestIntegrationTestConnection" name="test_unknown_service_returns_400" time="0.123" /><testcase classname="backend.tests.test_new_features.TestIntegrationTestConnection" name="test_test_connection_requires_admin" time="0.097" /><testcase classname="backend.tests.test_new_features.TestCloneNewSite" name="test_happy_path_creates_files_folder_and_db_row" time="0.316" /><testcase classname="backend.tests.test_new_features.TestCloneNewSite" name="test_missing_fields_returns_400" time="0.106" /><testcase classname="backend.tests.test_new_features.TestCloneNewSite" name="test_duplicate_site_id_returns_409" time="0.111" /><testcase classname="backend.tests.test_new_features.TestCloneNewSite" name="test_duplicate_prefix_returns_409" time="0.120" /><testcase classname="backend.tests.test_new_features.TestCloneNewSite" name="test_invalid_order_prefix_length_returns_400" time="0.124" /><testcase classname="backend.tests.test_new_features.TestSiteConfigsRegression" name="test_six_default_sites_present" time="0.100" /></testsuite></testsuites>