<?xml version="1.0" encoding="utf-8"?><testsuites name="pytest tests"><testsuite name="pytest" errors="0" failures="0" skipped="0" tests="13" time="4.469" timestamp="2026-05-26T16:19:56.319724+00:00" hostname="agent-env-51d7b595-920f-4947-a722-163164f5c7c6"><testcase classname="backend.tests.test_multisite.TestSiteConfigs" name="test_list_contains_all_expected" time="0.515" /><testcase classname="backend.tests.test_multisite.TestSiteConfigs" name="test_no_blaze_keyword_in_clone_brands" time="0.127" /><testcase classname="backend.tests.test_multisite.TestSiteConfigs" name="test_update_prefix_persist" time="0.348" /><testcase classname="backend.tests.test_multisite.TestSiteConfigs" name="test_duplicate_prefix_rejected" time="0.242" /><testcase classname="backend.tests.test_multisite.TestIntegrations" name="test_list_has_both_services" time="0.125" /><testcase classname="backend.tests.test_multisite.TestIntegrations" name="test_update_ayolinx_then_clear" time="0.260" /><testcase classname="backend.tests.test_multisite.TestIntegrations" name="test_update_digiflazz_then_clear" time="0.211" /><testcase classname="backend.tests.test_multisite.TestOrderPrefix" name="test_order_id_prefix_for_site[pixelvault-PXV]" time="0.278" /><testcase classname="backend.tests.test_multisite.TestOrderPrefix" name="test_order_id_prefix_for_site[neonforge-NEO]" time="0.119" /><testcase classname="backend.tests.test_multisite.TestOrderPrefix" name="test_order_id_prefix_for_site[elitecharge-ELC]" time="0.122" /><testcase classname="backend.tests.test_multisite.TestOrderPrefix" name="test_order_id_prefix_for_site[raidstation-RDS]" time="0.124" /><testcase classname="backend.tests.test_multisite.TestOrderPrefix" name="test_order_id_no_header_defaults_BLZ" time="0.115" /><testcase classname="backend.tests.test_multisite.TestBillerRefresh" name="test_biller_products_does_not_crash" time="1.772" /></testsuite></testsuites>